[debug] [2026-04-02T10:43:00.632Z] [Firebase Plugin] Activating Firebase extension.
[debug] [2026-04-02T10:43:08.947Z] [Firebase Plugin] requireAuthWrapper
[debug] [2026-04-02T10:43:08.949Z] > command requires scopes: ["email","openid","https://www.googleapis.com/auth/cloudplatformprojects.readonly","https://www.googleapis.com/auth/firebase","https://www.googleapis.com/auth/cloud-platform"]
[debug] [2026-04-02T10:43:08.949Z] > authorizing via signed-in user (mishulica11@gmail.com)
[debug] [2026-04-02T10:43:08.951Z] Checked if tokens are valid: true, expires at: 1775129897827
[debug] [2026-04-02T10:43:08.951Z] Checked if tokens are valid: true, expires at: 1775129897827
[debug] [2026-04-02T10:43:08.951Z] [Firebase Plugin] User found:  mishulica11@gmail.com
[info] [Firebase Plugin] (Core:Project) New user detected, fetching projects
[debug] [2026-04-02T10:43:08.952Z] Checked if tokens are valid: true, expires at: 1775129897827
[debug] [2026-04-02T10:43:08.953Z] >>> [apiv2][query] GET https://firebase.googleapis.com/v1beta1/projects pageSize=1000
[debug] [2026-04-02T10:43:08.959Z] [Firebase Plugin] VSCode notification server listening on port 40001
[info] [Firebase Plugin] Starting Data Connect toolkit (version 3.3.1) on port 50001
[debug] [2026-04-02T10:43:09.542Z] 'fdc build' failed with error: Unable to build your Data Connect schema and connectors (exit code 1): E0402 13:43:09.520291   15772 cmd.go:43] Error loading data connect config: could not find dataconnect.yaml in `c:\Users\40771\Desktop\Licenta\GSO-licenta\dataconnect`
 {"metadata":{"emulator":{"name":"dataconnect"},"message":"'fdc build' failed with error: Unable to build your Data Connect schema and connectors (exit code 1): E0402 13:43:09.520291   15772 cmd.go:43] Error loading data connect config: could not find dataconnect.yaml in `c:\\Users\\40771\\Desktop\\Licenta\\GSO-licenta\\dataconnect`\n"}}
[debug] [2026-04-02T10:43:09.542Z] Ignoring unsupported arg: auto_download {"metadata":{"emulator":{"name":"dataconnect"},"message":"Ignoring unsupported arg: auto_download"}}
[debug] [2026-04-02T10:43:09.542Z] Ignoring unsupported arg: port {"metadata":{"emulator":{"name":"dataconnect"},"message":"Ignoring unsupported arg: port"}}
[debug] [2026-04-02T10:43:09.543Z] Starting Data Connect Emulator with command {"binary":"C:\\Users\\40771\\.cache\\firebase\\emulators\\dataconnect-emulator-3.3.1.exe","args":["--logtostderr","-v=2","dev","--listen=localhost:50001","--config_dir=c:\\Users\\40771\\Desktop\\Licenta\\GSO-licenta\\dataconnect","--enable_output_schema_extensions=true","--enable_output_generated_sdk=true"],"optionalArgs":["listen","config_dir","enable_output_schema_extensions","enable_output_generated_sdk"],"joinArgs":true,"shell":false,"port":9399} {"metadata":{"emulator":{"name":"dataconnect"},"message":"Starting Data Connect Emulator with command {\"binary\":\"C:\\\\Users\\\\40771\\\\.cache\\\\firebase\\\\emulators\\\\dataconnect-emulator-3.3.1.exe\",\"args\":[\"--logtostderr\",\"-v=2\",\"dev\",\"--listen=localhost:50001\",\"--config_dir=c:\\\\Users\\\\40771\\\\Desktop\\\\Licenta\\\\GSO-licenta\\\\dataconnect\",\"--enable_output_schema_extensions=true\",\"--enable_output_generated_sdk=true\"],\"optionalArgs\":[\"listen\",\"config_dir\",\"enable_output_schema_extensions\",\"enable_output_generated_sdk\"],\"joinArgs\":true,\"shell\":false,\"port\":9399}"}}
[info] i  dataconnect: Data Connect Emulator logging to dataconnect-debug.log {"metadata":{"emulator":{"name":"dataconnect"},"message":"Data Connect Emulator logging to \u001b[1mdataconnect-debug.log\u001b[22m"}}
[debug] [2026-04-02T10:43:09.776Z] E0402 13:43:09.584861   19848 dev.go:83] Failed to load initial config from "c:\\Users\\40771\\Desktop\\Licenta\\GSO-licenta\\dataconnect": could not find dataconnect.yaml in `c:\Users\40771\Desktop\Licenta\GSO-licenta\dataconnect`
E0402 13:43:09.632629   19848 watch.go:116] watchAllDir unable to walk dir `c:\Users\40771\Desktop\Licenta\GSO-licenta\dataconnect`: GetFileAttributesEx c:\Users\40771\Desktop\Licenta\GSO-licenta\dataconnect: The system cannot find the file specified.
I0402 13:43:09.645742   19848 dev.go:104] Listening on address (HTTP + gRPC): 127.0.0.1:50001
 {"metadata":{"emulator":{"name":"dataconnect"},"message":"E0402 13:43:09.584861   19848 dev.go:83] Failed to load initial config from \"c:\\\\Users\\\\40771\\\\Desktop\\\\Licenta\\\\GSO-licenta\\\\dataconnect\": could not find dataconnect.yaml in `c:\\Users\\40771\\Desktop\\Licenta\\GSO-licenta\\dataconnect`\nE0402 13:43:09.632629   19848 watch.go:116] watchAllDir unable to walk dir `c:\\Users\\40771\\Desktop\\Licenta\\GSO-licenta\\dataconnect`: GetFileAttributesEx c:\\Users\\40771\\Desktop\\Licenta\\GSO-licenta\\dataconnect: The system cannot find the file specified.\nI0402 13:43:09.645742   19848 dev.go:104] Listening on address (HTTP + gRPC): 127.0.0.1:50001\n"}}
[error] [Firebase Plugin] error:  {}
[debug] [2026-04-02T10:43:10.883Z] <<< [apiv2][status] GET https://firebase.googleapis.com/v1beta1/projects 200
[debug] [2026-04-02T10:43:10.884Z] <<< [apiv2][body] GET https://firebase.googleapis.com/v1beta1/projects [omitted]
[debug] [2026-04-02T10:43:19.633Z] E0402 13:43:19.633151   19848 watch.go:40] Failed to load config from "c:\\Users\\40771\\Desktop\\Licenta\\GSO-licenta\\dataconnect": could not find dataconnect.yaml in `c:\Users\40771\Desktop\Licenta\GSO-licenta\dataconnect`
 {"metadata":{"emulator":{"name":"dataconnect"},"message":"E0402 13:43:19.633151   19848 watch.go:40] Failed to load config from \"c:\\\\Users\\\\40771\\\\Desktop\\\\Licenta\\\\GSO-licenta\\\\dataconnect\": could not find dataconnect.yaml in `c:\\Users\\40771\\Desktop\\Licenta\\GSO-licenta\\dataconnect`\n"}}
[debug] [2026-04-02T10:43:29.633Z] E0402 13:43:29.633176   19848 watch.go:40] Failed to load config from "c:\\Users\\40771\\Desktop\\Licenta\\GSO-licenta\\dataconnect": could not find dataconnect.yaml in `c:\Users\40771\Desktop\Licenta\GSO-licenta\dataconnect`
 {"metadata":{"emulator":{"name":"dataconnect"},"message":"E0402 13:43:29.633176   19848 watch.go:40] Failed to load config from \"c:\\\\Users\\\\40771\\\\Desktop\\\\Licenta\\\\GSO-licenta\\\\dataconnect\": could not find dataconnect.yaml in `c:\\Users\\40771\\Desktop\\Licenta\\GSO-licenta\\dataconnect`\n"}}
[debug] [2026-04-02T10:43:39.633Z] E0402 13:43:39.633213   19848 watch.go:40] Failed to load config from "c:\\Users\\40771\\Desktop\\Licenta\\GSO-licenta\\dataconnect": could not find dataconnect.yaml in `c:\Users\40771\Desktop\Licenta\GSO-licenta\dataconnect`
 {"metadata":{"emulator":{"name":"dataconnect"},"message":"E0402 13:43:39.633213   19848 watch.go:40] Failed to load config from \"c:\\\\Users\\\\40771\\\\Desktop\\\\Licenta\\\\GSO-licenta\\\\dataconnect\": could not find dataconnect.yaml in `c:\\Users\\40771\\Desktop\\Licenta\\GSO-licenta\\dataconnect`\n"}}
[debug] [2026-04-02T10:43:49.633Z] E0402 13:43:49.633154   19848 watch.go:40] Failed to load config from "c:\\Users\\40771\\Desktop\\Licenta\\GSO-licenta\\dataconnect": could not find dataconnect.yaml in `c:\Users\40771\Desktop\Licenta\GSO-licenta\dataconnect`
 {"metadata":{"emulator":{"name":"dataconnect"},"message":"E0402 13:43:49.633154   19848 watch.go:40] Failed to load config from \"c:\\\\Users\\\\40771\\\\Desktop\\\\Licenta\\\\GSO-licenta\\\\dataconnect\": could not find dataconnect.yaml in `c:\\Users\\40771\\Desktop\\Licenta\\GSO-licenta\\dataconnect`\n"}}
[debug] [2026-04-02T10:43:59.633Z] E0402 13:43:59.633298   19848 watch.go:40] Failed to load config from "c:\\Users\\40771\\Desktop\\Licenta\\GSO-licenta\\dataconnect": could not find dataconnect.yaml in `c:\Users\40771\Desktop\Licenta\GSO-licenta\dataconnect`
 {"metadata":{"emulator":{"name":"dataconnect"},"message":"E0402 13:43:59.633298   19848 watch.go:40] Failed to load config from \"c:\\\\Users\\\\40771\\\\Desktop\\\\Licenta\\\\GSO-licenta\\\\dataconnect\": could not find dataconnect.yaml in `c:\\Users\\40771\\Desktop\\Licenta\\GSO-licenta\\dataconnect`\n"}}
[debug] [2026-04-02T10:44:09.633Z] E0402 13:44:09.633225   19848 watch.go:116] watchAllDir unable to walk dir `c:\Users\40771\Desktop\Licenta\GSO-licenta\dataconnect`: GetFileAttributesEx c:\Users\40771\Desktop\Licenta\GSO-licenta\dataconnect: The system cannot find the file specified.
 {"metadata":{"emulator":{"name":"dataconnect"},"message":"E0402 13:44:09.633225   19848 watch.go:116] watchAllDir unable to walk dir `c:\\Users\\40771\\Desktop\\Licenta\\GSO-licenta\\dataconnect`: GetFileAttributesEx c:\\Users\\40771\\Desktop\\Licenta\\GSO-licenta\\dataconnect: The system cannot find the file specified.\n"}}
[debug] [2026-04-02T10:44:09.633Z] E0402 13:44:09.633225   19848 watch.go:40] Failed to load config from "c:\\Users\\40771\\Desktop\\Licenta\\GSO-licenta\\dataconnect": could not find dataconnect.yaml in `c:\Users\40771\Desktop\Licenta\GSO-licenta\dataconnect`
 {"metadata":{"emulator":{"name":"dataconnect"},"message":"E0402 13:44:09.633225   19848 watch.go:40] Failed to load config from \"c:\\\\Users\\\\40771\\\\Desktop\\\\Licenta\\\\GSO-licenta\\\\dataconnect\": could not find dataconnect.yaml in `c:\\Users\\40771\\Desktop\\Licenta\\GSO-licenta\\dataconnect`\n"}}
[debug] [2026-04-02T10:44:19.633Z] E0402 13:44:19.633580   19848 watch.go:40] Failed to load config from "c:\\Users\\40771\\Desktop\\Licenta\\GSO-licenta\\dataconnect": could not find dataconnect.yaml in `c:\Users\40771\Desktop\Licenta\GSO-licenta\dataconnect`
 {"metadata":{"emulator":{"name":"dataconnect"},"message":"E0402 13:44:19.633580   19848 watch.go:40] Failed to load config from \"c:\\\\Users\\\\40771\\\\Desktop\\\\Licenta\\\\GSO-licenta\\\\dataconnect\": could not find dataconnect.yaml in `c:\\Users\\40771\\Desktop\\Licenta\\GSO-licenta\\dataconnect`\n"}}
[debug] [2026-04-02T10:44:29.633Z] E0402 13:44:29.633124   19848 watch.go:40] Failed to load config from "c:\\Users\\40771\\Desktop\\Licenta\\GSO-licenta\\dataconnect": could not find dataconnect.yaml in `c:\Users\40771\Desktop\Licenta\GSO-licenta\dataconnect`
 {"metadata":{"emulator":{"name":"dataconnect"},"message":"E0402 13:44:29.633124   19848 watch.go:40] Failed to load config from \"c:\\\\Users\\\\40771\\\\Desktop\\\\Licenta\\\\GSO-licenta\\\\dataconnect\": could not find dataconnect.yaml in `c:\\Users\\40771\\Desktop\\Licenta\\GSO-licenta\\dataconnect`\n"}}
[debug] [2026-04-02T10:44:39.633Z] E0402 13:44:39.633427   19848 watch.go:40] Failed to load config from "c:\\Users\\40771\\Desktop\\Licenta\\GSO-licenta\\dataconnect": could not find dataconnect.yaml in `c:\Users\40771\Desktop\Licenta\GSO-licenta\dataconnect`
 {"metadata":{"emulator":{"name":"dataconnect"},"message":"E0402 13:44:39.633427   19848 watch.go:40] Failed to load config from \"c:\\\\Users\\\\40771\\\\Desktop\\\\Licenta\\\\GSO-licenta\\\\dataconnect\": could not find dataconnect.yaml in `c:\\Users\\40771\\Desktop\\Licenta\\GSO-licenta\\dataconnect`\n"}}
[debug] [2026-04-02T10:44:49.633Z] E0402 13:44:49.633427   19848 watch.go:40] Failed to load config from "c:\\Users\\40771\\Desktop\\Licenta\\GSO-licenta\\dataconnect": could not find dataconnect.yaml in `c:\Users\40771\Desktop\Licenta\GSO-licenta\dataconnect`
 {"metadata":{"emulator":{"name":"dataconnect"},"message":"E0402 13:44:49.633427   19848 watch.go:40] Failed to load config from \"c:\\\\Users\\\\40771\\\\Desktop\\\\Licenta\\\\GSO-licenta\\\\dataconnect\": could not find dataconnect.yaml in `c:\\Users\\40771\\Desktop\\Licenta\\GSO-licenta\\dataconnect`\n"}}
[debug] [2026-04-02T10:44:59.633Z] E0402 13:44:59.633691   19848 watch.go:40] Failed to load config from "c:\\Users\\40771\\Desktop\\Licenta\\GSO-licenta\\dataconnect": could not find dataconnect.yaml in `c:\Users\40771\Desktop\Licenta\GSO-licenta\dataconnect`
 {"metadata":{"emulator":{"name":"dataconnect"},"message":"E0402 13:44:59.633691   19848 watch.go:40] Failed to load config from \"c:\\\\Users\\\\40771\\\\Desktop\\\\Licenta\\\\GSO-licenta\\\\dataconnect\": could not find dataconnect.yaml in `c:\\Users\\40771\\Desktop\\Licenta\\GSO-licenta\\dataconnect`\n"}}
[debug] [2026-04-02T10:45:09.633Z] E0402 13:45:09.633337   19848 watch.go:116] watchAllDir unable to walk dir `c:\Users\40771\Desktop\Licenta\GSO-licenta\dataconnect`: GetFileAttributesEx c:\Users\40771\Desktop\Licenta\GSO-licenta\dataconnect: The system cannot find the file specified.
 {"metadata":{"emulator":{"name":"dataconnect"},"message":"E0402 13:45:09.633337   19848 watch.go:116] watchAllDir unable to walk dir `c:\\Users\\40771\\Desktop\\Licenta\\GSO-licenta\\dataconnect`: GetFileAttributesEx c:\\Users\\40771\\Desktop\\Licenta\\GSO-licenta\\dataconnect: The system cannot find the file specified.\n"}}
[debug] [2026-04-02T10:45:09.633Z] E0402 13:45:09.633337   19848 watch.go:40] Failed to load config from "c:\\Users\\40771\\Desktop\\Licenta\\GSO-licenta\\dataconnect": could not find dataconnect.yaml in `c:\Users\40771\Desktop\Licenta\GSO-licenta\dataconnect`
 {"metadata":{"emulator":{"name":"dataconnect"},"message":"E0402 13:45:09.633337   19848 watch.go:40] Failed to load config from \"c:\\\\Users\\\\40771\\\\Desktop\\\\Licenta\\\\GSO-licenta\\\\dataconnect\": could not find dataconnect.yaml in `c:\\Users\\40771\\Desktop\\Licenta\\GSO-licenta\\dataconnect`\n"}}
[debug] [2026-04-02T10:45:19.634Z] E0402 13:45:19.633463   19848 watch.go:40] Failed to load config from "c:\\Users\\40771\\Desktop\\Licenta\\GSO-licenta\\dataconnect": could not find dataconnect.yaml in `c:\Users\40771\Desktop\Licenta\GSO-licenta\dataconnect`
 {"metadata":{"emulator":{"name":"dataconnect"},"message":"E0402 13:45:19.633463   19848 watch.go:40] Failed to load config from \"c:\\\\Users\\\\40771\\\\Desktop\\\\Licenta\\\\GSO-licenta\\\\dataconnect\": could not find dataconnect.yaml in `c:\\Users\\40771\\Desktop\\Licenta\\GSO-licenta\\dataconnect`\n"}}
[debug] [2026-04-02T10:45:29.633Z] E0402 13:45:29.633370   19848 watch.go:40] Failed to load config from "c:\\Users\\40771\\Desktop\\Licenta\\GSO-licenta\\dataconnect": could not find dataconnect.yaml in `c:\Users\40771\Desktop\Licenta\GSO-licenta\dataconnect`
 {"metadata":{"emulator":{"name":"dataconnect"},"message":"E0402 13:45:29.633370   19848 watch.go:40] Failed to load config from \"c:\\\\Users\\\\40771\\\\Desktop\\\\Licenta\\\\GSO-licenta\\\\dataconnect\": could not find dataconnect.yaml in `c:\\Users\\40771\\Desktop\\Licenta\\GSO-licenta\\dataconnect`\n"}}
[debug] [2026-04-02T10:45:39.633Z] E0402 13:45:39.633737   19848 watch.go:40] Failed to load config from "c:\\Users\\40771\\Desktop\\Licenta\\GSO-licenta\\dataconnect": could not find dataconnect.yaml in `c:\Users\40771\Desktop\Licenta\GSO-licenta\dataconnect`
 {"metadata":{"emulator":{"name":"dataconnect"},"message":"E0402 13:45:39.633737   19848 watch.go:40] Failed to load config from \"c:\\\\Users\\\\40771\\\\Desktop\\\\Licenta\\\\GSO-licenta\\\\dataconnect\": could not find dataconnect.yaml in `c:\\Users\\40771\\Desktop\\Licenta\\GSO-licenta\\dataconnect`\n"}}
[debug] [2026-04-02T10:45:49.633Z] E0402 13:45:49.633055   19848 watch.go:40] Failed to load config from "c:\\Users\\40771\\Desktop\\Licenta\\GSO-licenta\\dataconnect": could not find dataconnect.yaml in `c:\Users\40771\Desktop\Licenta\GSO-licenta\dataconnect`
 {"metadata":{"emulator":{"name":"dataconnect"},"message":"E0402 13:45:49.633055   19848 watch.go:40] Failed to load config from \"c:\\\\Users\\\\40771\\\\Desktop\\\\Licenta\\\\GSO-licenta\\\\dataconnect\": could not find dataconnect.yaml in `c:\\Users\\40771\\Desktop\\Licenta\\GSO-licenta\\dataconnect`\n"}}
[debug] [2026-04-02T10:45:59.633Z] E0402 13:45:59.633381   19848 watch.go:40] Failed to load config from "c:\\Users\\40771\\Desktop\\Licenta\\GSO-licenta\\dataconnect": could not find dataconnect.yaml in `c:\Users\40771\Desktop\Licenta\GSO-licenta\dataconnect`
 {"metadata":{"emulator":{"name":"dataconnect"},"message":"E0402 13:45:59.633381   19848 watch.go:40] Failed to load config from \"c:\\\\Users\\\\40771\\\\Desktop\\\\Licenta\\\\GSO-licenta\\\\dataconnect\": could not find dataconnect.yaml in `c:\\Users\\40771\\Desktop\\Licenta\\GSO-licenta\\dataconnect`\n"}}
[debug] [2026-04-02T10:46:09.632Z] E0402 13:46:09.633017   19848 watch.go:116] watchAllDir unable to walk dir `c:\Users\40771\Desktop\Licenta\GSO-licenta\dataconnect`: GetFileAttributesEx c:\Users\40771\Desktop\Licenta\GSO-licenta\dataconnect: The system cannot find the file specified.
 {"metadata":{"emulator":{"name":"dataconnect"},"message":"E0402 13:46:09.633017   19848 watch.go:116] watchAllDir unable to walk dir `c:\\Users\\40771\\Desktop\\Licenta\\GSO-licenta\\dataconnect`: GetFileAttributesEx c:\\Users\\40771\\Desktop\\Licenta\\GSO-licenta\\dataconnect: The system cannot find the file specified.\n"}}
[debug] [2026-04-02T10:46:09.633Z] E0402 13:46:09.633017   19848 watch.go:40] Failed to load config from "c:\\Users\\40771\\Desktop\\Licenta\\GSO-licenta\\dataconnect": could not find dataconnect.yaml in `c:\Users\40771\Desktop\Licenta\GSO-licenta\dataconnect`
 {"metadata":{"emulator":{"name":"dataconnect"},"message":"E0402 13:46:09.633017   19848 watch.go:40] Failed to load config from \"c:\\\\Users\\\\40771\\\\Desktop\\\\Licenta\\\\GSO-licenta\\\\dataconnect\": could not find dataconnect.yaml in `c:\\Users\\40771\\Desktop\\Licenta\\GSO-licenta\\dataconnect`\n"}}
[debug] [2026-04-02T10:46:19.634Z] E0402 13:46:19.633975   19848 watch.go:40] Failed to load config from "c:\\Users\\40771\\Desktop\\Licenta\\GSO-licenta\\dataconnect": could not find dataconnect.yaml in `c:\Users\40771\Desktop\Licenta\GSO-licenta\dataconnect`
 {"metadata":{"emulator":{"name":"dataconnect"},"message":"E0402 13:46:19.633975   19848 watch.go:40] Failed to load config from \"c:\\\\Users\\\\40771\\\\Desktop\\\\Licenta\\\\GSO-licenta\\\\dataconnect\": could not find dataconnect.yaml in `c:\\Users\\40771\\Desktop\\Licenta\\GSO-licenta\\dataconnect`\n"}}
[debug] [2026-04-02T10:46:29.633Z] E0402 13:46:29.632907   19848 watch.go:40] Failed to load config from "c:\\Users\\40771\\Desktop\\Licenta\\GSO-licenta\\dataconnect": could not find dataconnect.yaml in `c:\Users\40771\Desktop\Licenta\GSO-licenta\dataconnect`
 {"metadata":{"emulator":{"name":"dataconnect"},"message":"E0402 13:46:29.632907   19848 watch.go:40] Failed to load config from \"c:\\\\Users\\\\40771\\\\Desktop\\\\Licenta\\\\GSO-licenta\\\\dataconnect\": could not find dataconnect.yaml in `c:\\Users\\40771\\Desktop\\Licenta\\GSO-licenta\\dataconnect`\n"}}
[debug] [2026-04-02T10:46:39.633Z] E0402 13:46:39.633184   19848 watch.go:40] Failed to load config from "c:\\Users\\40771\\Desktop\\Licenta\\GSO-licenta\\dataconnect": could not find dataconnect.yaml in `c:\Users\40771\Desktop\Licenta\GSO-licenta\dataconnect`
 {"metadata":{"emulator":{"name":"dataconnect"},"message":"E0402 13:46:39.633184   19848 watch.go:40] Failed to load config from \"c:\\\\Users\\\\40771\\\\Desktop\\\\Licenta\\\\GSO-licenta\\\\dataconnect\": could not find dataconnect.yaml in `c:\\Users\\40771\\Desktop\\Licenta\\GSO-licenta\\dataconnect`\n"}}
[debug] [2026-04-02T10:46:49.632Z] E0402 13:46:49.632961   19848 watch.go:40] Failed to load config from "c:\\Users\\40771\\Desktop\\Licenta\\GSO-licenta\\dataconnect": could not find dataconnect.yaml in `c:\Users\40771\Desktop\Licenta\GSO-licenta\dataconnect`
 {"metadata":{"emulator":{"name":"dataconnect"},"message":"E0402 13:46:49.632961   19848 watch.go:40] Failed to load config from \"c:\\\\Users\\\\40771\\\\Desktop\\\\Licenta\\\\GSO-licenta\\\\dataconnect\": could not find dataconnect.yaml in `c:\\Users\\40771\\Desktop\\Licenta\\GSO-licenta\\dataconnect`\n"}}
[debug] [2026-04-02T10:46:59.633Z] E0402 13:46:59.633850   19848 watch.go:40] Failed to load config from "c:\\Users\\40771\\Desktop\\Licenta\\GSO-licenta\\dataconnect": could not find dataconnect.yaml in `c:\Users\40771\Desktop\Licenta\GSO-licenta\dataconnect`
 {"metadata":{"emulator":{"name":"dataconnect"},"message":"E0402 13:46:59.633850   19848 watch.go:40] Failed to load config from \"c:\\\\Users\\\\40771\\\\Desktop\\\\Licenta\\\\GSO-licenta\\\\dataconnect\": could not find dataconnect.yaml in `c:\\Users\\40771\\Desktop\\Licenta\\GSO-licenta\\dataconnect`\n"}}
[debug] [2026-04-02T10:47:09.632Z] E0402 13:47:09.632953   19848 watch.go:116] watchAllDir unable to walk dir `c:\Users\40771\Desktop\Licenta\GSO-licenta\dataconnect`: GetFileAttributesEx c:\Users\40771\Desktop\Licenta\GSO-licenta\dataconnect: The system cannot find the file specified.
 {"metadata":{"emulator":{"name":"dataconnect"},"message":"E0402 13:47:09.632953   19848 watch.go:116] watchAllDir unable to walk dir `c:\\Users\\40771\\Desktop\\Licenta\\GSO-licenta\\dataconnect`: GetFileAttributesEx c:\\Users\\40771\\Desktop\\Licenta\\GSO-licenta\\dataconnect: The system cannot find the file specified.\n"}}
[debug] [2026-04-02T10:47:09.633Z] E0402 13:47:09.632953   19848 watch.go:40] Failed to load config from "c:\\Users\\40771\\Desktop\\Licenta\\GSO-licenta\\dataconnect": could not find dataconnect.yaml in `c:\Users\40771\Desktop\Licenta\GSO-licenta\dataconnect`
 {"metadata":{"emulator":{"name":"dataconnect"},"message":"E0402 13:47:09.632953   19848 watch.go:40] Failed to load config from \"c:\\\\Users\\\\40771\\\\Desktop\\\\Licenta\\\\GSO-licenta\\\\dataconnect\": could not find dataconnect.yaml in `c:\\Users\\40771\\Desktop\\Licenta\\GSO-licenta\\dataconnect`\n"}}
[debug] [2026-04-02T10:47:19.633Z] E0402 13:47:19.633335   19848 watch.go:40] Failed to load config from "c:\\Users\\40771\\Desktop\\Licenta\\GSO-licenta\\dataconnect": could not find dataconnect.yaml in `c:\Users\40771\Desktop\Licenta\GSO-licenta\dataconnect`
 {"metadata":{"emulator":{"name":"dataconnect"},"message":"E0402 13:47:19.633335   19848 watch.go:40] Failed to load config from \"c:\\\\Users\\\\40771\\\\Desktop\\\\Licenta\\\\GSO-licenta\\\\dataconnect\": could not find dataconnect.yaml in `c:\\Users\\40771\\Desktop\\Licenta\\GSO-licenta\\dataconnect`\n"}}
[debug] [2026-04-02T10:47:29.633Z] E0402 13:47:29.632992   19848 watch.go:40] Failed to load config from "c:\\Users\\40771\\Desktop\\Licenta\\GSO-licenta\\dataconnect": could not find dataconnect.yaml in `c:\Users\40771\Desktop\Licenta\GSO-licenta\dataconnect`
 {"metadata":{"emulator":{"name":"dataconnect"},"message":"E0402 13:47:29.632992   19848 watch.go:40] Failed to load config from \"c:\\\\Users\\\\40771\\\\Desktop\\\\Licenta\\\\GSO-licenta\\\\dataconnect\": could not find dataconnect.yaml in `c:\\Users\\40771\\Desktop\\Licenta\\GSO-licenta\\dataconnect`\n"}}
[debug] [2026-04-02T10:47:39.633Z] E0402 13:47:39.633326   19848 watch.go:40] Failed to load config from "c:\\Users\\40771\\Desktop\\Licenta\\GSO-licenta\\dataconnect": could not find dataconnect.yaml in `c:\Users\40771\Desktop\Licenta\GSO-licenta\dataconnect`
 {"metadata":{"emulator":{"name":"dataconnect"},"message":"E0402 13:47:39.633326   19848 watch.go:40] Failed to load config from \"c:\\\\Users\\\\40771\\\\Desktop\\\\Licenta\\\\GSO-licenta\\\\dataconnect\": could not find dataconnect.yaml in `c:\\Users\\40771\\Desktop\\Licenta\\GSO-licenta\\dataconnect`\n"}}
[debug] [2026-04-02T10:47:49.633Z] E0402 13:47:49.633435   19848 watch.go:40] Failed to load config from "c:\\Users\\40771\\Desktop\\Licenta\\GSO-licenta\\dataconnect": could not find dataconnect.yaml in `c:\Users\40771\Desktop\Licenta\GSO-licenta\dataconnect`
 {"metadata":{"emulator":{"name":"dataconnect"},"message":"E0402 13:47:49.633435   19848 watch.go:40] Failed to load config from \"c:\\\\Users\\\\40771\\\\Desktop\\\\Licenta\\\\GSO-licenta\\\\dataconnect\": could not find dataconnect.yaml in `c:\\Users\\40771\\Desktop\\Licenta\\GSO-licenta\\dataconnect`\n"}}
[debug] [2026-04-02T10:47:59.633Z] E0402 13:47:59.633278   19848 watch.go:40] Failed to load config from "c:\\Users\\40771\\Desktop\\Licenta\\GSO-licenta\\dataconnect": could not find dataconnect.yaml in `c:\Users\40771\Desktop\Licenta\GSO-licenta\dataconnect`
 {"metadata":{"emulator":{"name":"dataconnect"},"message":"E0402 13:47:59.633278   19848 watch.go:40] Failed to load config from \"c:\\\\Users\\\\40771\\\\Desktop\\\\Licenta\\\\GSO-licenta\\\\dataconnect\": could not find dataconnect.yaml in `c:\\Users\\40771\\Desktop\\Licenta\\GSO-licenta\\dataconnect`\n"}}
[debug] [2026-04-02T10:48:09.633Z] E0402 13:48:09.633666   19848 watch.go:116] watchAllDir unable to walk dir `c:\Users\40771\Desktop\Licenta\GSO-licenta\dataconnect`: GetFileAttributesEx c:\Users\40771\Desktop\Licenta\GSO-licenta\dataconnect: The system cannot find the file specified.
 {"metadata":{"emulator":{"name":"dataconnect"},"message":"E0402 13:48:09.633666   19848 watch.go:116] watchAllDir unable to walk dir `c:\\Users\\40771\\Desktop\\Licenta\\GSO-licenta\\dataconnect`: GetFileAttributesEx c:\\Users\\40771\\Desktop\\Licenta\\GSO-licenta\\dataconnect: The system cannot find the file specified.\n"}}
[debug] [2026-04-02T10:48:09.633Z] E0402 13:48:09.633666   19848 watch.go:40] Failed to load config from "c:\\Users\\40771\\Desktop\\Licenta\\GSO-licenta\\dataconnect": could not find dataconnect.yaml in `c:\Users\40771\Desktop\Licenta\GSO-licenta\dataconnect`
 {"metadata":{"emulator":{"name":"dataconnect"},"message":"E0402 13:48:09.633666   19848 watch.go:40] Failed to load config from \"c:\\\\Users\\\\40771\\\\Desktop\\\\Licenta\\\\GSO-licenta\\\\dataconnect\": could not find dataconnect.yaml in `c:\\Users\\40771\\Desktop\\Licenta\\GSO-licenta\\dataconnect`\n"}}
[debug] [2026-04-02T10:48:19.633Z] E0402 13:48:19.633462   19848 watch.go:40] Failed to load config from "c:\\Users\\40771\\Desktop\\Licenta\\GSO-licenta\\dataconnect": could not find dataconnect.yaml in `c:\Users\40771\Desktop\Licenta\GSO-licenta\dataconnect`
 {"metadata":{"emulator":{"name":"dataconnect"},"message":"E0402 13:48:19.633462   19848 watch.go:40] Failed to load config from \"c:\\\\Users\\\\40771\\\\Desktop\\\\Licenta\\\\GSO-licenta\\\\dataconnect\": could not find dataconnect.yaml in `c:\\Users\\40771\\Desktop\\Licenta\\GSO-licenta\\dataconnect`\n"}}
[debug] [2026-04-02T10:48:29.633Z] E0402 13:48:29.633723   19848 watch.go:40] Failed to load config from "c:\\Users\\40771\\Desktop\\Licenta\\GSO-licenta\\dataconnect": could not find dataconnect.yaml in `c:\Users\40771\Desktop\Licenta\GSO-licenta\dataconnect`
 {"metadata":{"emulator":{"name":"dataconnect"},"message":"E0402 13:48:29.633723   19848 watch.go:40] Failed to load config from \"c:\\\\Users\\\\40771\\\\Desktop\\\\Licenta\\\\GSO-licenta\\\\dataconnect\": could not find dataconnect.yaml in `c:\\Users\\40771\\Desktop\\Licenta\\GSO-licenta\\dataconnect`\n"}}
[debug] [2026-04-02T10:48:39.633Z] E0402 13:48:39.633276   19848 watch.go:40] Failed to load config from "c:\\Users\\40771\\Desktop\\Licenta\\GSO-licenta\\dataconnect": could not find dataconnect.yaml in `c:\Users\40771\Desktop\Licenta\GSO-licenta\dataconnect`
 {"metadata":{"emulator":{"name":"dataconnect"},"message":"E0402 13:48:39.633276   19848 watch.go:40] Failed to load config from \"c:\\\\Users\\\\40771\\\\Desktop\\\\Licenta\\\\GSO-licenta\\\\dataconnect\": could not find dataconnect.yaml in `c:\\Users\\40771\\Desktop\\Licenta\\GSO-licenta\\dataconnect`\n"}}
[debug] [2026-04-02T10:48:49.632Z] E0402 13:48:49.633037   19848 watch.go:40] Failed to load config from "c:\\Users\\40771\\Desktop\\Licenta\\GSO-licenta\\dataconnect": could not find dataconnect.yaml in `c:\Users\40771\Desktop\Licenta\GSO-licenta\dataconnect`
 {"metadata":{"emulator":{"name":"dataconnect"},"message":"E0402 13:48:49.633037   19848 watch.go:40] Failed to load config from \"c:\\\\Users\\\\40771\\\\Desktop\\\\Licenta\\\\GSO-licenta\\\\dataconnect\": could not find dataconnect.yaml in `c:\\Users\\40771\\Desktop\\Licenta\\GSO-licenta\\dataconnect`\n"}}
[debug] [2026-04-02T10:48:59.632Z] E0402 13:48:59.633083   19848 watch.go:40] Failed to load config from "c:\\Users\\40771\\Desktop\\Licenta\\GSO-licenta\\dataconnect": could not find dataconnect.yaml in `c:\Users\40771\Desktop\Licenta\GSO-licenta\dataconnect`
 {"metadata":{"emulator":{"name":"dataconnect"},"message":"E0402 13:48:59.633083   19848 watch.go:40] Failed to load config from \"c:\\\\Users\\\\40771\\\\Desktop\\\\Licenta\\\\GSO-licenta\\\\dataconnect\": could not find dataconnect.yaml in `c:\\Users\\40771\\Desktop\\Licenta\\GSO-licenta\\dataconnect`\n"}}
[debug] [2026-04-02T10:49:09.633Z] E0402 13:49:09.633813   19848 watch.go:116] watchAllDir unable to walk dir `c:\Users\40771\Desktop\Licenta\GSO-licenta\dataconnect`: GetFileAttributesEx c:\Users\40771\Desktop\Licenta\GSO-licenta\dataconnect: The system cannot find the file specified.
 {"metadata":{"emulator":{"name":"dataconnect"},"message":"E0402 13:49:09.633813   19848 watch.go:116] watchAllDir unable to walk dir `c:\\Users\\40771\\Desktop\\Licenta\\GSO-licenta\\dataconnect`: GetFileAttributesEx c:\\Users\\40771\\Desktop\\Licenta\\GSO-licenta\\dataconnect: The system cannot find the file specified.\n"}}
[debug] [2026-04-02T10:49:09.634Z] E0402 13:49:09.633813   19848 watch.go:40] Failed to load config from "c:\\Users\\40771\\Desktop\\Licenta\\GSO-licenta\\dataconnect": could not find dataconnect.yaml in `c:\Users\40771\Desktop\Licenta\GSO-licenta\dataconnect`
 {"metadata":{"emulator":{"name":"dataconnect"},"message":"E0402 13:49:09.633813   19848 watch.go:40] Failed to load config from \"c:\\\\Users\\\\40771\\\\Desktop\\\\Licenta\\\\GSO-licenta\\\\dataconnect\": could not find dataconnect.yaml in `c:\\Users\\40771\\Desktop\\Licenta\\GSO-licenta\\dataconnect`\n"}}
[debug] [2026-04-02T10:49:19.633Z] E0402 13:49:19.633198   19848 watch.go:40] Failed to load config from "c:\\Users\\40771\\Desktop\\Licenta\\GSO-licenta\\dataconnect": could not find dataconnect.yaml in `c:\Users\40771\Desktop\Licenta\GSO-licenta\dataconnect`
 {"metadata":{"emulator":{"name":"dataconnect"},"message":"E0402 13:49:19.633198   19848 watch.go:40] Failed to load config from \"c:\\\\Users\\\\40771\\\\Desktop\\\\Licenta\\\\GSO-licenta\\\\dataconnect\": could not find dataconnect.yaml in `c:\\Users\\40771\\Desktop\\Licenta\\GSO-licenta\\dataconnect`\n"}}
[debug] [2026-04-02T10:49:29.634Z] E0402 13:49:29.633825   19848 watch.go:40] Failed to load config from "c:\\Users\\40771\\Desktop\\Licenta\\GSO-licenta\\dataconnect": could not find dataconnect.yaml in `c:\Users\40771\Desktop\Licenta\GSO-licenta\dataconnect`
 {"metadata":{"emulator":{"name":"dataconnect"},"message":"E0402 13:49:29.633825   19848 watch.go:40] Failed to load config from \"c:\\\\Users\\\\40771\\\\Desktop\\\\Licenta\\\\GSO-licenta\\\\dataconnect\": could not find dataconnect.yaml in `c:\\Users\\40771\\Desktop\\Licenta\\GSO-licenta\\dataconnect`\n"}}
[debug] [2026-04-02T10:49:39.633Z] E0402 13:49:39.633200   19848 watch.go:40] Failed to load config from "c:\\Users\\40771\\Desktop\\Licenta\\GSO-licenta\\dataconnect": could not find dataconnect.yaml in `c:\Users\40771\Desktop\Licenta\GSO-licenta\dataconnect`
 {"metadata":{"emulator":{"name":"dataconnect"},"message":"E0402 13:49:39.633200   19848 watch.go:40] Failed to load config from \"c:\\\\Users\\\\40771\\\\Desktop\\\\Licenta\\\\GSO-licenta\\\\dataconnect\": could not find dataconnect.yaml in `c:\\Users\\40771\\Desktop\\Licenta\\GSO-licenta\\dataconnect`\n"}}
[debug] [2026-04-02T10:49:49.633Z] E0402 13:49:49.633051   19848 watch.go:40] Failed to load config from "c:\\Users\\40771\\Desktop\\Licenta\\GSO-licenta\\dataconnect": could not find dataconnect.yaml in `c:\Users\40771\Desktop\Licenta\GSO-licenta\dataconnect`
 {"metadata":{"emulator":{"name":"dataconnect"},"message":"E0402 13:49:49.633051   19848 watch.go:40] Failed to load config from \"c:\\\\Users\\\\40771\\\\Desktop\\\\Licenta\\\\GSO-licenta\\\\dataconnect\": could not find dataconnect.yaml in `c:\\Users\\40771\\Desktop\\Licenta\\GSO-licenta\\dataconnect`\n"}}
[debug] [2026-04-02T10:49:59.633Z] E0402 13:49:59.633699   19848 watch.go:40] Failed to load config from "c:\\Users\\40771\\Desktop\\Licenta\\GSO-licenta\\dataconnect": could not find dataconnect.yaml in `c:\Users\40771\Desktop\Licenta\GSO-licenta\dataconnect`
 {"metadata":{"emulator":{"name":"dataconnect"},"message":"E0402 13:49:59.633699   19848 watch.go:40] Failed to load config from \"c:\\\\Users\\\\40771\\\\Desktop\\\\Licenta\\\\GSO-licenta\\\\dataconnect\": could not find dataconnect.yaml in `c:\\Users\\40771\\Desktop\\Licenta\\GSO-licenta\\dataconnect`\n"}}
[debug] [2026-04-02T10:50:09.633Z] E0402 13:50:09.633014   19848 watch.go:116] watchAllDir unable to walk dir `c:\Users\40771\Desktop\Licenta\GSO-licenta\dataconnect`: GetFileAttributesEx c:\Users\40771\Desktop\Licenta\GSO-licenta\dataconnect: The system cannot find the file specified.
 {"metadata":{"emulator":{"name":"dataconnect"},"message":"E0402 13:50:09.633014   19848 watch.go:116] watchAllDir unable to walk dir `c:\\Users\\40771\\Desktop\\Licenta\\GSO-licenta\\dataconnect`: GetFileAttributesEx c:\\Users\\40771\\Desktop\\Licenta\\GSO-licenta\\dataconnect: The system cannot find the file specified.\n"}}
[debug] [2026-04-02T10:50:09.633Z] E0402 13:50:09.633014   19848 watch.go:40] Failed to load config from "c:\\Users\\40771\\Desktop\\Licenta\\GSO-licenta\\dataconnect": could not find dataconnect.yaml in `c:\Users\40771\Desktop\Licenta\GSO-licenta\dataconnect`
 {"metadata":{"emulator":{"name":"dataconnect"},"message":"E0402 13:50:09.633014   19848 watch.go:40] Failed to load config from \"c:\\\\Users\\\\40771\\\\Desktop\\\\Licenta\\\\GSO-licenta\\\\dataconnect\": could not find dataconnect.yaml in `c:\\Users\\40771\\Desktop\\Licenta\\GSO-licenta\\dataconnect`\n"}}
[debug] [2026-04-02T10:50:19.633Z] E0402 13:50:19.633038   19848 watch.go:40] Failed to load config from "c:\\Users\\40771\\Desktop\\Licenta\\GSO-licenta\\dataconnect": could not find dataconnect.yaml in `c:\Users\40771\Desktop\Licenta\GSO-licenta\dataconnect`
 {"metadata":{"emulator":{"name":"dataconnect"},"message":"E0402 13:50:19.633038   19848 watch.go:40] Failed to load config from \"c:\\\\Users\\\\40771\\\\Desktop\\\\Licenta\\\\GSO-licenta\\\\dataconnect\": could not find dataconnect.yaml in `c:\\Users\\40771\\Desktop\\Licenta\\GSO-licenta\\dataconnect`\n"}}
[debug] [2026-04-02T10:50:29.633Z] E0402 13:50:29.633521   19848 watch.go:40] Failed to load config from "c:\\Users\\40771\\Desktop\\Licenta\\GSO-licenta\\dataconnect": could not find dataconnect.yaml in `c:\Users\40771\Desktop\Licenta\GSO-licenta\dataconnect`
 {"metadata":{"emulator":{"name":"dataconnect"},"message":"E0402 13:50:29.633521   19848 watch.go:40] Failed to load config from \"c:\\\\Users\\\\40771\\\\Desktop\\\\Licenta\\\\GSO-licenta\\\\dataconnect\": could not find dataconnect.yaml in `c:\\Users\\40771\\Desktop\\Licenta\\GSO-licenta\\dataconnect`\n"}}
[debug] [2026-04-02T10:50:39.633Z] E0402 13:50:39.633710   19848 watch.go:40] Failed to load config from "c:\\Users\\40771\\Desktop\\Licenta\\GSO-licenta\\dataconnect": could not find dataconnect.yaml in `c:\Users\40771\Desktop\Licenta\GSO-licenta\dataconnect`
 {"metadata":{"emulator":{"name":"dataconnect"},"message":"E0402 13:50:39.633710   19848 watch.go:40] Failed to load config from \"c:\\\\Users\\\\40771\\\\Desktop\\\\Licenta\\\\GSO-licenta\\\\dataconnect\": could not find dataconnect.yaml in `c:\\Users\\40771\\Desktop\\Licenta\\GSO-licenta\\dataconnect`\n"}}
[debug] [2026-04-02T10:50:49.633Z] E0402 13:50:49.633586   19848 watch.go:40] Failed to load config from "c:\\Users\\40771\\Desktop\\Licenta\\GSO-licenta\\dataconnect": could not find dataconnect.yaml in `c:\Users\40771\Desktop\Licenta\GSO-licenta\dataconnect`
 {"metadata":{"emulator":{"name":"dataconnect"},"message":"E0402 13:50:49.633586   19848 watch.go:40] Failed to load config from \"c:\\\\Users\\\\40771\\\\Desktop\\\\Licenta\\\\GSO-licenta\\\\dataconnect\": could not find dataconnect.yaml in `c:\\Users\\40771\\Desktop\\Licenta\\GSO-licenta\\dataconnect`\n"}}
[debug] [2026-04-02T10:50:59.633Z] E0402 13:50:59.633282   19848 watch.go:40] Failed to load config from "c:\\Users\\40771\\Desktop\\Licenta\\GSO-licenta\\dataconnect": could not find dataconnect.yaml in `c:\Users\40771\Desktop\Licenta\GSO-licenta\dataconnect`
 {"metadata":{"emulator":{"name":"dataconnect"},"message":"E0402 13:50:59.633282   19848 watch.go:40] Failed to load config from \"c:\\\\Users\\\\40771\\\\Desktop\\\\Licenta\\\\GSO-licenta\\\\dataconnect\": could not find dataconnect.yaml in `c:\\Users\\40771\\Desktop\\Licenta\\GSO-licenta\\dataconnect`\n"}}
[debug] [2026-04-02T10:51:09.634Z] E0402 13:51:09.634123   19848 watch.go:116] watchAllDir unable to walk dir `c:\Users\40771\Desktop\Licenta\GSO-licenta\dataconnect`: GetFileAttributesEx c:\Users\40771\Desktop\Licenta\GSO-licenta\dataconnect: The system cannot find the file specified.
 {"metadata":{"emulator":{"name":"dataconnect"},"message":"E0402 13:51:09.634123   19848 watch.go:116] watchAllDir unable to walk dir `c:\\Users\\40771\\Desktop\\Licenta\\GSO-licenta\\dataconnect`: GetFileAttributesEx c:\\Users\\40771\\Desktop\\Licenta\\GSO-licenta\\dataconnect: The system cannot find the file specified.\n"}}
[debug] [2026-04-02T10:51:09.634Z] E0402 13:51:09.634123   19848 watch.go:40] Failed to load config from "c:\\Users\\40771\\Desktop\\Licenta\\GSO-licenta\\dataconnect": could not find dataconnect.yaml in `c:\Users\40771\Desktop\Licenta\GSO-licenta\dataconnect`
 {"metadata":{"emulator":{"name":"dataconnect"},"message":"E0402 13:51:09.634123   19848 watch.go:40] Failed to load config from \"c:\\\\Users\\\\40771\\\\Desktop\\\\Licenta\\\\GSO-licenta\\\\dataconnect\": could not find dataconnect.yaml in `c:\\Users\\40771\\Desktop\\Licenta\\GSO-licenta\\dataconnect`\n"}}
[debug] [2026-04-02T10:51:19.634Z] E0402 13:51:19.633749   19848 watch.go:40] Failed to load config from "c:\\Users\\40771\\Desktop\\Licenta\\GSO-licenta\\dataconnect": could not find dataconnect.yaml in `c:\Users\40771\Desktop\Licenta\GSO-licenta\dataconnect`
 {"metadata":{"emulator":{"name":"dataconnect"},"message":"E0402 13:51:19.633749   19848 watch.go:40] Failed to load config from \"c:\\\\Users\\\\40771\\\\Desktop\\\\Licenta\\\\GSO-licenta\\\\dataconnect\": could not find dataconnect.yaml in `c:\\Users\\40771\\Desktop\\Licenta\\GSO-licenta\\dataconnect`\n"}}
[debug] [2026-04-02T10:51:29.633Z] E0402 13:51:29.633101   19848 watch.go:40] Failed to load config from "c:\\Users\\40771\\Desktop\\Licenta\\GSO-licenta\\dataconnect": could not find dataconnect.yaml in `c:\Users\40771\Desktop\Licenta\GSO-licenta\dataconnect`
 {"metadata":{"emulator":{"name":"dataconnect"},"message":"E0402 13:51:29.633101   19848 watch.go:40] Failed to load config from \"c:\\\\Users\\\\40771\\\\Desktop\\\\Licenta\\\\GSO-licenta\\\\dataconnect\": could not find dataconnect.yaml in `c:\\Users\\40771\\Desktop\\Licenta\\GSO-licenta\\dataconnect`\n"}}
[debug] [2026-04-02T10:51:39.634Z] E0402 13:51:39.633751   19848 watch.go:40] Failed to load config from "c:\\Users\\40771\\Desktop\\Licenta\\GSO-licenta\\dataconnect": could not find dataconnect.yaml in `c:\Users\40771\Desktop\Licenta\GSO-licenta\dataconnect`
 {"metadata":{"emulator":{"name":"dataconnect"},"message":"E0402 13:51:39.633751   19848 watch.go:40] Failed to load config from \"c:\\\\Users\\\\40771\\\\Desktop\\\\Licenta\\\\GSO-licenta\\\\dataconnect\": could not find dataconnect.yaml in `c:\\Users\\40771\\Desktop\\Licenta\\GSO-licenta\\dataconnect`\n"}}
[debug] [2026-04-02T10:51:49.633Z] E0402 13:51:49.633468   19848 watch.go:40] Failed to load config from "c:\\Users\\40771\\Desktop\\Licenta\\GSO-licenta\\dataconnect": could not find dataconnect.yaml in `c:\Users\40771\Desktop\Licenta\GSO-licenta\dataconnect`
 {"metadata":{"emulator":{"name":"dataconnect"},"message":"E0402 13:51:49.633468   19848 watch.go:40] Failed to load config from \"c:\\\\Users\\\\40771\\\\Desktop\\\\Licenta\\\\GSO-licenta\\\\dataconnect\": could not find dataconnect.yaml in `c:\\Users\\40771\\Desktop\\Licenta\\GSO-licenta\\dataconnect`\n"}}
[debug] [2026-04-02T10:51:59.633Z] E0402 13:51:59.633297   19848 watch.go:40] Failed to load config from "c:\\Users\\40771\\Desktop\\Licenta\\GSO-licenta\\dataconnect": could not find dataconnect.yaml in `c:\Users\40771\Desktop\Licenta\GSO-licenta\dataconnect`
 {"metadata":{"emulator":{"name":"dataconnect"},"message":"E0402 13:51:59.633297   19848 watch.go:40] Failed to load config from \"c:\\\\Users\\\\40771\\\\Desktop\\\\Licenta\\\\GSO-licenta\\\\dataconnect\": could not find dataconnect.yaml in `c:\\Users\\40771\\Desktop\\Licenta\\GSO-licenta\\dataconnect`\n"}}
[debug] [2026-04-02T10:52:09.633Z] E0402 13:52:09.633714   19848 watch.go:116] watchAllDir unable to walk dir `c:\Users\40771\Desktop\Licenta\GSO-licenta\dataconnect`: GetFileAttributesEx c:\Users\40771\Desktop\Licenta\GSO-licenta\dataconnect: The system cannot find the file specified.
 {"metadata":{"emulator":{"name":"dataconnect"},"message":"E0402 13:52:09.633714   19848 watch.go:116] watchAllDir unable to walk dir `c:\\Users\\40771\\Desktop\\Licenta\\GSO-licenta\\dataconnect`: GetFileAttributesEx c:\\Users\\40771\\Desktop\\Licenta\\GSO-licenta\\dataconnect: The system cannot find the file specified.\n"}}
[debug] [2026-04-02T10:52:09.634Z] E0402 13:52:09.633714   19848 watch.go:40] Failed to load config from "c:\\Users\\40771\\Desktop\\Licenta\\GSO-licenta\\dataconnect": could not find dataconnect.yaml in `c:\Users\40771\Desktop\Licenta\GSO-licenta\dataconnect`
 {"metadata":{"emulator":{"name":"dataconnect"},"message":"E0402 13:52:09.633714   19848 watch.go:40] Failed to load config from \"c:\\\\Users\\\\40771\\\\Desktop\\\\Licenta\\\\GSO-licenta\\\\dataconnect\": could not find dataconnect.yaml in `c:\\Users\\40771\\Desktop\\Licenta\\GSO-licenta\\dataconnect`\n"}}
[debug] [2026-04-02T10:52:19.634Z] E0402 13:52:19.633616   19848 watch.go:40] Failed to load config from "c:\\Users\\40771\\Desktop\\Licenta\\GSO-licenta\\dataconnect": could not find dataconnect.yaml in `c:\Users\40771\Desktop\Licenta\GSO-licenta\dataconnect`
 {"metadata":{"emulator":{"name":"dataconnect"},"message":"E0402 13:52:19.633616   19848 watch.go:40] Failed to load config from \"c:\\\\Users\\\\40771\\\\Desktop\\\\Licenta\\\\GSO-licenta\\\\dataconnect\": could not find dataconnect.yaml in `c:\\Users\\40771\\Desktop\\Licenta\\GSO-licenta\\dataconnect`\n"}}
[debug] [2026-04-02T10:52:29.633Z] E0402 13:52:29.633141   19848 watch.go:40] Failed to load config from "c:\\Users\\40771\\Desktop\\Licenta\\GSO-licenta\\dataconnect": could not find dataconnect.yaml in `c:\Users\40771\Desktop\Licenta\GSO-licenta\dataconnect`
 {"metadata":{"emulator":{"name":"dataconnect"},"message":"E0402 13:52:29.633141   19848 watch.go:40] Failed to load config from \"c:\\\\Users\\\\40771\\\\Desktop\\\\Licenta\\\\GSO-licenta\\\\dataconnect\": could not find dataconnect.yaml in `c:\\Users\\40771\\Desktop\\Licenta\\GSO-licenta\\dataconnect`\n"}}
[debug] [2026-04-02T10:52:39.633Z] E0402 13:52:39.633207   19848 watch.go:40] Failed to load config from "c:\\Users\\40771\\Desktop\\Licenta\\GSO-licenta\\dataconnect": could not find dataconnect.yaml in `c:\Users\40771\Desktop\Licenta\GSO-licenta\dataconnect`
 {"metadata":{"emulator":{"name":"dataconnect"},"message":"E0402 13:52:39.633207   19848 watch.go:40] Failed to load config from \"c:\\\\Users\\\\40771\\\\Desktop\\\\Licenta\\\\GSO-licenta\\\\dataconnect\": could not find dataconnect.yaml in `c:\\Users\\40771\\Desktop\\Licenta\\GSO-licenta\\dataconnect`\n"}}
[debug] [2026-04-02T10:52:49.633Z] E0402 13:52:49.633219   19848 watch.go:40] Failed to load config from "c:\\Users\\40771\\Desktop\\Licenta\\GSO-licenta\\dataconnect": could not find dataconnect.yaml in `c:\Users\40771\Desktop\Licenta\GSO-licenta\dataconnect`
 {"metadata":{"emulator":{"name":"dataconnect"},"message":"E0402 13:52:49.633219   19848 watch.go:40] Failed to load config from \"c:\\\\Users\\\\40771\\\\Desktop\\\\Licenta\\\\GSO-licenta\\\\dataconnect\": could not find dataconnect.yaml in `c:\\Users\\40771\\Desktop\\Licenta\\GSO-licenta\\dataconnect`\n"}}
[debug] [2026-04-02T10:52:59.633Z] E0402 13:52:59.633264   19848 watch.go:40] Failed to load config from "c:\\Users\\40771\\Desktop\\Licenta\\GSO-licenta\\dataconnect": could not find dataconnect.yaml in `c:\Users\40771\Desktop\Licenta\GSO-licenta\dataconnect`
 {"metadata":{"emulator":{"name":"dataconnect"},"message":"E0402 13:52:59.633264   19848 watch.go:40] Failed to load config from \"c:\\\\Users\\\\40771\\\\Desktop\\\\Licenta\\\\GSO-licenta\\\\dataconnect\": could not find dataconnect.yaml in `c:\\Users\\40771\\Desktop\\Licenta\\GSO-licenta\\dataconnect`\n"}}
[debug] [2026-04-02T10:53:09.633Z] E0402 13:53:09.633179   19848 watch.go:116] watchAllDir unable to walk dir `c:\Users\40771\Desktop\Licenta\GSO-licenta\dataconnect`: GetFileAttributesEx c:\Users\40771\Desktop\Licenta\GSO-licenta\dataconnect: The system cannot find the file specified.
 {"metadata":{"emulator":{"name":"dataconnect"},"message":"E0402 13:53:09.633179   19848 watch.go:116] watchAllDir unable to walk dir `c:\\Users\\40771\\Desktop\\Licenta\\GSO-licenta\\dataconnect`: GetFileAttributesEx c:\\Users\\40771\\Desktop\\Licenta\\GSO-licenta\\dataconnect: The system cannot find the file specified.\n"}}
[debug] [2026-04-02T10:53:09.634Z] E0402 13:53:09.633179   19848 watch.go:40] Failed to load config from "c:\\Users\\40771\\Desktop\\Licenta\\GSO-licenta\\dataconnect": could not find dataconnect.yaml in `c:\Users\40771\Desktop\Licenta\GSO-licenta\dataconnect`
 {"metadata":{"emulator":{"name":"dataconnect"},"message":"E0402 13:53:09.633179   19848 watch.go:40] Failed to load config from \"c:\\\\Users\\\\40771\\\\Desktop\\\\Licenta\\\\GSO-licenta\\\\dataconnect\": could not find dataconnect.yaml in `c:\\Users\\40771\\Desktop\\Licenta\\GSO-licenta\\dataconnect`\n"}}
[debug] [2026-04-02T10:53:19.633Z] E0402 13:53:19.633022   19848 watch.go:40] Failed to load config from "c:\\Users\\40771\\Desktop\\Licenta\\GSO-licenta\\dataconnect": could not find dataconnect.yaml in `c:\Users\40771\Desktop\Licenta\GSO-licenta\dataconnect`
 {"metadata":{"emulator":{"name":"dataconnect"},"message":"E0402 13:53:19.633022   19848 watch.go:40] Failed to load config from \"c:\\\\Users\\\\40771\\\\Desktop\\\\Licenta\\\\GSO-licenta\\\\dataconnect\": could not find dataconnect.yaml in `c:\\Users\\40771\\Desktop\\Licenta\\GSO-licenta\\dataconnect`\n"}}
[debug] [2026-04-02T10:53:29.634Z] E0402 13:53:29.633763   19848 watch.go:40] Failed to load config from "c:\\Users\\40771\\Desktop\\Licenta\\GSO-licenta\\dataconnect": could not find dataconnect.yaml in `c:\Users\40771\Desktop\Licenta\GSO-licenta\dataconnect`
 {"metadata":{"emulator":{"name":"dataconnect"},"message":"E0402 13:53:29.633763   19848 watch.go:40] Failed to load config from \"c:\\\\Users\\\\40771\\\\Desktop\\\\Licenta\\\\GSO-licenta\\\\dataconnect\": could not find dataconnect.yaml in `c:\\Users\\40771\\Desktop\\Licenta\\GSO-licenta\\dataconnect`\n"}}
[debug] [2026-04-02T10:53:39.633Z] E0402 13:53:39.633082   19848 watch.go:40] Failed to load config from "c:\\Users\\40771\\Desktop\\Licenta\\GSO-licenta\\dataconnect": could not find dataconnect.yaml in `c:\Users\40771\Desktop\Licenta\GSO-licenta\dataconnect`
 {"metadata":{"emulator":{"name":"dataconnect"},"message":"E0402 13:53:39.633082   19848 watch.go:40] Failed to load config from \"c:\\\\Users\\\\40771\\\\Desktop\\\\Licenta\\\\GSO-licenta\\\\dataconnect\": could not find dataconnect.yaml in `c:\\Users\\40771\\Desktop\\Licenta\\GSO-licenta\\dataconnect`\n"}}
[debug] [2026-04-02T10:53:49.634Z] E0402 13:53:49.633565   19848 watch.go:40] Failed to load config from "c:\\Users\\40771\\Desktop\\Licenta\\GSO-licenta\\dataconnect": could not find dataconnect.yaml in `c:\Users\40771\Desktop\Licenta\GSO-licenta\dataconnect`
 {"metadata":{"emulator":{"name":"dataconnect"},"message":"E0402 13:53:49.633565   19848 watch.go:40] Failed to load config from \"c:\\\\Users\\\\40771\\\\Desktop\\\\Licenta\\\\GSO-licenta\\\\dataconnect\": could not find dataconnect.yaml in `c:\\Users\\40771\\Desktop\\Licenta\\GSO-licenta\\dataconnect`\n"}}
[debug] [2026-04-02T10:53:59.633Z] E0402 13:53:59.633396   19848 watch.go:40] Failed to load config from "c:\\Users\\40771\\Desktop\\Licenta\\GSO-licenta\\dataconnect": could not find dataconnect.yaml in `c:\Users\40771\Desktop\Licenta\GSO-licenta\dataconnect`
 {"metadata":{"emulator":{"name":"dataconnect"},"message":"E0402 13:53:59.633396   19848 watch.go:40] Failed to load config from \"c:\\\\Users\\\\40771\\\\Desktop\\\\Licenta\\\\GSO-licenta\\\\dataconnect\": could not find dataconnect.yaml in `c:\\Users\\40771\\Desktop\\Licenta\\GSO-licenta\\dataconnect`\n"}}
[debug] [2026-04-02T10:54:09.634Z] E0402 13:54:09.633880   19848 watch.go:116] watchAllDir unable to walk dir `c:\Users\40771\Desktop\Licenta\GSO-licenta\dataconnect`: GetFileAttributesEx c:\Users\40771\Desktop\Licenta\GSO-licenta\dataconnect: The system cannot find the file specified.
 {"metadata":{"emulator":{"name":"dataconnect"},"message":"E0402 13:54:09.633880   19848 watch.go:116] watchAllDir unable to walk dir `c:\\Users\\40771\\Desktop\\Licenta\\GSO-licenta\\dataconnect`: GetFileAttributesEx c:\\Users\\40771\\Desktop\\Licenta\\GSO-licenta\\dataconnect: The system cannot find the file specified.\n"}}
[debug] [2026-04-02T10:54:09.634Z] E0402 13:54:09.633880   19848 watch.go:40] Failed to load config from "c:\\Users\\40771\\Desktop\\Licenta\\GSO-licenta\\dataconnect": could not find dataconnect.yaml in `c:\Users\40771\Desktop\Licenta\GSO-licenta\dataconnect`
 {"metadata":{"emulator":{"name":"dataconnect"},"message":"E0402 13:54:09.633880   19848 watch.go:40] Failed to load config from \"c:\\\\Users\\\\40771\\\\Desktop\\\\Licenta\\\\GSO-licenta\\\\dataconnect\": could not find dataconnect.yaml in `c:\\Users\\40771\\Desktop\\Licenta\\GSO-licenta\\dataconnect`\n"}}
[debug] [2026-04-02T10:54:19.634Z] E0402 13:54:19.633658   19848 watch.go:40] Failed to load config from "c:\\Users\\40771\\Desktop\\Licenta\\GSO-licenta\\dataconnect": could not find dataconnect.yaml in `c:\Users\40771\Desktop\Licenta\GSO-licenta\dataconnect`
 {"metadata":{"emulator":{"name":"dataconnect"},"message":"E0402 13:54:19.633658   19848 watch.go:40] Failed to load config from \"c:\\\\Users\\\\40771\\\\Desktop\\\\Licenta\\\\GSO-licenta\\\\dataconnect\": could not find dataconnect.yaml in `c:\\Users\\40771\\Desktop\\Licenta\\GSO-licenta\\dataconnect`\n"}}
[debug] [2026-04-02T10:54:29.633Z] E0402 13:54:29.633078   19848 watch.go:40] Failed to load config from "c:\\Users\\40771\\Desktop\\Licenta\\GSO-licenta\\dataconnect": could not find dataconnect.yaml in `c:\Users\40771\Desktop\Licenta\GSO-licenta\dataconnect`
 {"metadata":{"emulator":{"name":"dataconnect"},"message":"E0402 13:54:29.633078   19848 watch.go:40] Failed to load config from \"c:\\\\Users\\\\40771\\\\Desktop\\\\Licenta\\\\GSO-licenta\\\\dataconnect\": could not find dataconnect.yaml in `c:\\Users\\40771\\Desktop\\Licenta\\GSO-licenta\\dataconnect`\n"}}
[debug] [2026-04-02T10:54:39.634Z] E0402 13:54:39.633634   19848 watch.go:40] Failed to load config from "c:\\Users\\40771\\Desktop\\Licenta\\GSO-licenta\\dataconnect": could not find dataconnect.yaml in `c:\Users\40771\Desktop\Licenta\GSO-licenta\dataconnect`
 {"metadata":{"emulator":{"name":"dataconnect"},"message":"E0402 13:54:39.633634   19848 watch.go:40] Failed to load config from \"c:\\\\Users\\\\40771\\\\Desktop\\\\Licenta\\\\GSO-licenta\\\\dataconnect\": could not find dataconnect.yaml in `c:\\Users\\40771\\Desktop\\Licenta\\GSO-licenta\\dataconnect`\n"}}
[debug] [2026-04-02T10:54:49.633Z] E0402 13:54:49.633249   19848 watch.go:40] Failed to load config from "c:\\Users\\40771\\Desktop\\Licenta\\GSO-licenta\\dataconnect": could not find dataconnect.yaml in `c:\Users\40771\Desktop\Licenta\GSO-licenta\dataconnect`
 {"metadata":{"emulator":{"name":"dataconnect"},"message":"E0402 13:54:49.633249   19848 watch.go:40] Failed to load config from \"c:\\\\Users\\\\40771\\\\Desktop\\\\Licenta\\\\GSO-licenta\\\\dataconnect\": could not find dataconnect.yaml in `c:\\Users\\40771\\Desktop\\Licenta\\GSO-licenta\\dataconnect`\n"}}
[debug] [2026-04-02T10:54:59.634Z] E0402 13:54:59.633650   19848 watch.go:40] Failed to load config from "c:\\Users\\40771\\Desktop\\Licenta\\GSO-licenta\\dataconnect": could not find dataconnect.yaml in `c:\Users\40771\Desktop\Licenta\GSO-licenta\dataconnect`
 {"metadata":{"emulator":{"name":"dataconnect"},"message":"E0402 13:54:59.633650   19848 watch.go:40] Failed to load config from \"c:\\\\Users\\\\40771\\\\Desktop\\\\Licenta\\\\GSO-licenta\\\\dataconnect\": could not find dataconnect.yaml in `c:\\Users\\40771\\Desktop\\Licenta\\GSO-licenta\\dataconnect`\n"}}
[debug] [2026-04-02T10:55:09.633Z] E0402 13:55:09.633276   19848 watch.go:116] watchAllDir unable to walk dir `c:\Users\40771\Desktop\Licenta\GSO-licenta\dataconnect`: GetFileAttributesEx c:\Users\40771\Desktop\Licenta\GSO-licenta\dataconnect: The system cannot find the file specified.
 {"metadata":{"emulator":{"name":"dataconnect"},"message":"E0402 13:55:09.633276   19848 watch.go:116] watchAllDir unable to walk dir `c:\\Users\\40771\\Desktop\\Licenta\\GSO-licenta\\dataconnect`: GetFileAttributesEx c:\\Users\\40771\\Desktop\\Licenta\\GSO-licenta\\dataconnect: The system cannot find the file specified.\n"}}
[debug] [2026-04-02T10:55:09.633Z] E0402 13:55:09.633276   19848 watch.go:40] Failed to load config from "c:\\Users\\40771\\Desktop\\Licenta\\GSO-licenta\\dataconnect": could not find dataconnect.yaml in `c:\Users\40771\Desktop\Licenta\GSO-licenta\dataconnect`
 {"metadata":{"emulator":{"name":"dataconnect"},"message":"E0402 13:55:09.633276   19848 watch.go:40] Failed to load config from \"c:\\\\Users\\\\40771\\\\Desktop\\\\Licenta\\\\GSO-licenta\\\\dataconnect\": could not find dataconnect.yaml in `c:\\Users\\40771\\Desktop\\Licenta\\GSO-licenta\\dataconnect`\n"}}
[debug] [2026-04-02T10:55:19.635Z] E0402 13:55:19.634947   19848 watch.go:40] Failed to load config from "c:\\Users\\40771\\Desktop\\Licenta\\GSO-licenta\\dataconnect": could not find dataconnect.yaml in `c:\Users\40771\Desktop\Licenta\GSO-licenta\dataconnect`
 {"metadata":{"emulator":{"name":"dataconnect"},"message":"E0402 13:55:19.634947   19848 watch.go:40] Failed to load config from \"c:\\\\Users\\\\40771\\\\Desktop\\\\Licenta\\\\GSO-licenta\\\\dataconnect\": could not find dataconnect.yaml in `c:\\Users\\40771\\Desktop\\Licenta\\GSO-licenta\\dataconnect`\n"}}
[debug] [2026-04-02T10:55:29.634Z] E0402 13:55:29.633754   19848 watch.go:40] Failed to load config from "c:\\Users\\40771\\Desktop\\Licenta\\GSO-licenta\\dataconnect": could not find dataconnect.yaml in `c:\Users\40771\Desktop\Licenta\GSO-licenta\dataconnect`
 {"metadata":{"emulator":{"name":"dataconnect"},"message":"E0402 13:55:29.633754   19848 watch.go:40] Failed to load config from \"c:\\\\Users\\\\40771\\\\Desktop\\\\Licenta\\\\GSO-licenta\\\\dataconnect\": could not find dataconnect.yaml in `c:\\Users\\40771\\Desktop\\Licenta\\GSO-licenta\\dataconnect`\n"}}
[debug] [2026-04-02T10:55:39.633Z] E0402 13:55:39.633157   19848 watch.go:40] Failed to load config from "c:\\Users\\40771\\Desktop\\Licenta\\GSO-licenta\\dataconnect": could not find dataconnect.yaml in `c:\Users\40771\Desktop\Licenta\GSO-licenta\dataconnect`
 {"metadata":{"emulator":{"name":"dataconnect"},"message":"E0402 13:55:39.633157   19848 watch.go:40] Failed to load config from \"c:\\\\Users\\\\40771\\\\Desktop\\\\Licenta\\\\GSO-licenta\\\\dataconnect\": could not find dataconnect.yaml in `c:\\Users\\40771\\Desktop\\Licenta\\GSO-licenta\\dataconnect`\n"}}
[debug] [2026-04-02T10:55:49.633Z] E0402 13:55:49.632988   19848 watch.go:40] Failed to load config from "c:\\Users\\40771\\Desktop\\Licenta\\GSO-licenta\\dataconnect": could not find dataconnect.yaml in `c:\Users\40771\Desktop\Licenta\GSO-licenta\dataconnect`
 {"metadata":{"emulator":{"name":"dataconnect"},"message":"E0402 13:55:49.632988   19848 watch.go:40] Failed to load config from \"c:\\\\Users\\\\40771\\\\Desktop\\\\Licenta\\\\GSO-licenta\\\\dataconnect\": could not find dataconnect.yaml in `c:\\Users\\40771\\Desktop\\Licenta\\GSO-licenta\\dataconnect`\n"}}
[debug] [2026-04-02T10:55:59.633Z] E0402 13:55:59.633246   19848 watch.go:40] Failed to load config from "c:\\Users\\40771\\Desktop\\Licenta\\GSO-licenta\\dataconnect": could not find dataconnect.yaml in `c:\Users\40771\Desktop\Licenta\GSO-licenta\dataconnect`
 {"metadata":{"emulator":{"name":"dataconnect"},"message":"E0402 13:55:59.633246   19848 watch.go:40] Failed to load config from \"c:\\\\Users\\\\40771\\\\Desktop\\\\Licenta\\\\GSO-licenta\\\\dataconnect\": could not find dataconnect.yaml in `c:\\Users\\40771\\Desktop\\Licenta\\GSO-licenta\\dataconnect`\n"}}
[debug] [2026-04-02T10:56:09.633Z] E0402 13:56:09.633541   19848 watch.go:116] watchAllDir unable to walk dir `c:\Users\40771\Desktop\Licenta\GSO-licenta\dataconnect`: GetFileAttributesEx c:\Users\40771\Desktop\Licenta\GSO-licenta\dataconnect: The system cannot find the file specified.
 {"metadata":{"emulator":{"name":"dataconnect"},"message":"E0402 13:56:09.633541   19848 watch.go:116] watchAllDir unable to walk dir `c:\\Users\\40771\\Desktop\\Licenta\\GSO-licenta\\dataconnect`: GetFileAttributesEx c:\\Users\\40771\\Desktop\\Licenta\\GSO-licenta\\dataconnect: The system cannot find the file specified.\n"}}
[debug] [2026-04-02T10:56:09.634Z] E0402 13:56:09.633541   19848 watch.go:40] Failed to load config from "c:\\Users\\40771\\Desktop\\Licenta\\GSO-licenta\\dataconnect": could not find dataconnect.yaml in `c:\Users\40771\Desktop\Licenta\GSO-licenta\dataconnect`
 {"metadata":{"emulator":{"name":"dataconnect"},"message":"E0402 13:56:09.633541   19848 watch.go:40] Failed to load config from \"c:\\\\Users\\\\40771\\\\Desktop\\\\Licenta\\\\GSO-licenta\\\\dataconnect\": could not find dataconnect.yaml in `c:\\Users\\40771\\Desktop\\Licenta\\GSO-licenta\\dataconnect`\n"}}
[debug] [2026-04-02T10:56:19.633Z] E0402 13:56:19.633176   19848 watch.go:40] Failed to load config from "c:\\Users\\40771\\Desktop\\Licenta\\GSO-licenta\\dataconnect": could not find dataconnect.yaml in `c:\Users\40771\Desktop\Licenta\GSO-licenta\dataconnect`
 {"metadata":{"emulator":{"name":"dataconnect"},"message":"E0402 13:56:19.633176   19848 watch.go:40] Failed to load config from \"c:\\\\Users\\\\40771\\\\Desktop\\\\Licenta\\\\GSO-licenta\\\\dataconnect\": could not find dataconnect.yaml in `c:\\Users\\40771\\Desktop\\Licenta\\GSO-licenta\\dataconnect`\n"}}
[debug] [2026-04-02T10:56:29.633Z] E0402 13:56:29.633523   19848 watch.go:40] Failed to load config from "c:\\Users\\40771\\Desktop\\Licenta\\GSO-licenta\\dataconnect": could not find dataconnect.yaml in `c:\Users\40771\Desktop\Licenta\GSO-licenta\dataconnect`
 {"metadata":{"emulator":{"name":"dataconnect"},"message":"E0402 13:56:29.633523   19848 watch.go:40] Failed to load config from \"c:\\\\Users\\\\40771\\\\Desktop\\\\Licenta\\\\GSO-licenta\\\\dataconnect\": could not find dataconnect.yaml in `c:\\Users\\40771\\Desktop\\Licenta\\GSO-licenta\\dataconnect`\n"}}
[debug] [2026-04-02T10:56:39.633Z] E0402 13:56:39.633415   19848 watch.go:40] Failed to load config from "c:\\Users\\40771\\Desktop\\Licenta\\GSO-licenta\\dataconnect": could not find dataconnect.yaml in `c:\Users\40771\Desktop\Licenta\GSO-licenta\dataconnect`
 {"metadata":{"emulator":{"name":"dataconnect"},"message":"E0402 13:56:39.633415   19848 watch.go:40] Failed to load config from \"c:\\\\Users\\\\40771\\\\Desktop\\\\Licenta\\\\GSO-licenta\\\\dataconnect\": could not find dataconnect.yaml in `c:\\Users\\40771\\Desktop\\Licenta\\GSO-licenta\\dataconnect`\n"}}
[debug] [2026-04-02T10:56:49.634Z] E0402 13:56:49.633564   19848 watch.go:40] Failed to load config from "c:\\Users\\40771\\Desktop\\Licenta\\GSO-licenta\\dataconnect": could not find dataconnect.yaml in `c:\Users\40771\Desktop\Licenta\GSO-licenta\dataconnect`
 {"metadata":{"emulator":{"name":"dataconnect"},"message":"E0402 13:56:49.633564   19848 watch.go:40] Failed to load config from \"c:\\\\Users\\\\40771\\\\Desktop\\\\Licenta\\\\GSO-licenta\\\\dataconnect\": could not find dataconnect.yaml in `c:\\Users\\40771\\Desktop\\Licenta\\GSO-licenta\\dataconnect`\n"}}
[debug] [2026-04-02T10:56:59.864Z] E0402 13:56:59.633390   19848 watch.go:40] Failed to load config from "c:\\Users\\40771\\Desktop\\Licenta\\GSO-licenta\\dataconnect": could not find dataconnect.yaml in `c:\Users\40771\Desktop\Licenta\GSO-licenta\dataconnect`
 {"metadata":{"emulator":{"name":"dataconnect"},"message":"E0402 13:56:59.633390   19848 watch.go:40] Failed to load config from \"c:\\\\Users\\\\40771\\\\Desktop\\\\Licenta\\\\GSO-licenta\\\\dataconnect\": could not find dataconnect.yaml in `c:\\Users\\40771\\Desktop\\Licenta\\GSO-licenta\\dataconnect`\n"}}
[debug] [2026-04-02T10:57:09.634Z] E0402 13:57:09.633902   19848 watch.go:116] watchAllDir unable to walk dir `c:\Users\40771\Desktop\Licenta\GSO-licenta\dataconnect`: GetFileAttributesEx c:\Users\40771\Desktop\Licenta\GSO-licenta\dataconnect: The system cannot find the file specified.
 {"metadata":{"emulator":{"name":"dataconnect"},"message":"E0402 13:57:09.633902   19848 watch.go:116] watchAllDir unable to walk dir `c:\\Users\\40771\\Desktop\\Licenta\\GSO-licenta\\dataconnect`: GetFileAttributesEx c:\\Users\\40771\\Desktop\\Licenta\\GSO-licenta\\dataconnect: The system cannot find the file specified.\n"}}
[debug] [2026-04-02T10:57:09.634Z] E0402 13:57:09.633902   19848 watch.go:40] Failed to load config from "c:\\Users\\40771\\Desktop\\Licenta\\GSO-licenta\\dataconnect": could not find dataconnect.yaml in `c:\Users\40771\Desktop\Licenta\GSO-licenta\dataconnect`
 {"metadata":{"emulator":{"name":"dataconnect"},"message":"E0402 13:57:09.633902   19848 watch.go:40] Failed to load config from \"c:\\\\Users\\\\40771\\\\Desktop\\\\Licenta\\\\GSO-licenta\\\\dataconnect\": could not find dataconnect.yaml in `c:\\Users\\40771\\Desktop\\Licenta\\GSO-licenta\\dataconnect`\n"}}
[debug] [2026-04-02T10:57:19.633Z] E0402 13:57:19.633609   19848 watch.go:40] Failed to load config from "c:\\Users\\40771\\Desktop\\Licenta\\GSO-licenta\\dataconnect": could not find dataconnect.yaml in `c:\Users\40771\Desktop\Licenta\GSO-licenta\dataconnect`
 {"metadata":{"emulator":{"name":"dataconnect"},"message":"E0402 13:57:19.633609   19848 watch.go:40] Failed to load config from \"c:\\\\Users\\\\40771\\\\Desktop\\\\Licenta\\\\GSO-licenta\\\\dataconnect\": could not find dataconnect.yaml in `c:\\Users\\40771\\Desktop\\Licenta\\GSO-licenta\\dataconnect`\n"}}
[debug] [2026-04-02T10:57:29.633Z] E0402 13:57:29.633322   19848 watch.go:40] Failed to load config from "c:\\Users\\40771\\Desktop\\Licenta\\GSO-licenta\\dataconnect": could not find dataconnect.yaml in `c:\Users\40771\Desktop\Licenta\GSO-licenta\dataconnect`
 {"metadata":{"emulator":{"name":"dataconnect"},"message":"E0402 13:57:29.633322   19848 watch.go:40] Failed to load config from \"c:\\\\Users\\\\40771\\\\Desktop\\\\Licenta\\\\GSO-licenta\\\\dataconnect\": could not find dataconnect.yaml in `c:\\Users\\40771\\Desktop\\Licenta\\GSO-licenta\\dataconnect`\n"}}
[debug] [2026-04-02T10:57:39.634Z] E0402 13:57:39.633775   19848 watch.go:40] Failed to load config from "c:\\Users\\40771\\Desktop\\Licenta\\GSO-licenta\\dataconnect": could not find dataconnect.yaml in `c:\Users\40771\Desktop\Licenta\GSO-licenta\dataconnect`
 {"metadata":{"emulator":{"name":"dataconnect"},"message":"E0402 13:57:39.633775   19848 watch.go:40] Failed to load config from \"c:\\\\Users\\\\40771\\\\Desktop\\\\Licenta\\\\GSO-licenta\\\\dataconnect\": could not find dataconnect.yaml in `c:\\Users\\40771\\Desktop\\Licenta\\GSO-licenta\\dataconnect`\n"}}
[debug] [2026-04-02T10:57:49.633Z] E0402 13:57:49.633389   19848 watch.go:40] Failed to load config from "c:\\Users\\40771\\Desktop\\Licenta\\GSO-licenta\\dataconnect": could not find dataconnect.yaml in `c:\Users\40771\Desktop\Licenta\GSO-licenta\dataconnect`
 {"metadata":{"emulator":{"name":"dataconnect"},"message":"E0402 13:57:49.633389   19848 watch.go:40] Failed to load config from \"c:\\\\Users\\\\40771\\\\Desktop\\\\Licenta\\\\GSO-licenta\\\\dataconnect\": could not find dataconnect.yaml in `c:\\Users\\40771\\Desktop\\Licenta\\GSO-licenta\\dataconnect`\n"}}
[debug] [2026-04-02T10:57:59.633Z] E0402 13:57:59.633341   19848 watch.go:40] Failed to load config from "c:\\Users\\40771\\Desktop\\Licenta\\GSO-licenta\\dataconnect": could not find dataconnect.yaml in `c:\Users\40771\Desktop\Licenta\GSO-licenta\dataconnect`
 {"metadata":{"emulator":{"name":"dataconnect"},"message":"E0402 13:57:59.633341   19848 watch.go:40] Failed to load config from \"c:\\\\Users\\\\40771\\\\Desktop\\\\Licenta\\\\GSO-licenta\\\\dataconnect\": could not find dataconnect.yaml in `c:\\Users\\40771\\Desktop\\Licenta\\GSO-licenta\\dataconnect`\n"}}
[debug] [2026-04-02T10:58:09.633Z] E0402 13:58:09.633550   19848 watch.go:116] watchAllDir unable to walk dir `c:\Users\40771\Desktop\Licenta\GSO-licenta\dataconnect`: GetFileAttributesEx c:\Users\40771\Desktop\Licenta\GSO-licenta\dataconnect: The system cannot find the file specified.
 {"metadata":{"emulator":{"name":"dataconnect"},"message":"E0402 13:58:09.633550   19848 watch.go:116] watchAllDir unable to walk dir `c:\\Users\\40771\\Desktop\\Licenta\\GSO-licenta\\dataconnect`: GetFileAttributesEx c:\\Users\\40771\\Desktop\\Licenta\\GSO-licenta\\dataconnect: The system cannot find the file specified.\n"}}
[debug] [2026-04-02T10:58:09.634Z] E0402 13:58:09.633550   19848 watch.go:40] Failed to load config from "c:\\Users\\40771\\Desktop\\Licenta\\GSO-licenta\\dataconnect": could not find dataconnect.yaml in `c:\Users\40771\Desktop\Licenta\GSO-licenta\dataconnect`
 {"metadata":{"emulator":{"name":"dataconnect"},"message":"E0402 13:58:09.633550   19848 watch.go:40] Failed to load config from \"c:\\\\Users\\\\40771\\\\Desktop\\\\Licenta\\\\GSO-licenta\\\\dataconnect\": could not find dataconnect.yaml in `c:\\Users\\40771\\Desktop\\Licenta\\GSO-licenta\\dataconnect`\n"}}
[debug] [2026-04-02T10:58:19.634Z] E0402 13:58:19.634117   19848 watch.go:40] Failed to load config from "c:\\Users\\40771\\Desktop\\Licenta\\GSO-licenta\\dataconnect": could not find dataconnect.yaml in `c:\Users\40771\Desktop\Licenta\GSO-licenta\dataconnect`
 {"metadata":{"emulator":{"name":"dataconnect"},"message":"E0402 13:58:19.634117   19848 watch.go:40] Failed to load config from \"c:\\\\Users\\\\40771\\\\Desktop\\\\Licenta\\\\GSO-licenta\\\\dataconnect\": could not find dataconnect.yaml in `c:\\Users\\40771\\Desktop\\Licenta\\GSO-licenta\\dataconnect`\n"}}
